0 info it worked if it ends with ok
1 verbose cli [ 'node', '/usr/local/bin/npm', 'run', 'devserve' ]
2 info using npm@2.3.0
3 info using node@v0.10.36
4 verbose node symlink /usr/local/bin/node
5 verbose run-script [ 'predevserve', 'devserve', 'postdevserve' ]
6 info predevserve Blabber@0.0.1
7 info devserve Blabber@0.0.1
8 verbose unsafe-perm in lifecycle true
9 info Blabber@0.0.1 Failed to exec devserve script
10 verbose stack Error: Blabber@0.0.1 devserve: `webpack-dev-server -d --config webpack.dev.config.js --content-base public/ --progress --colors`
10 verbose stack Exit status 8
10 verbose stack     at EventEmitter.<anonymous> (/usr/local/lib/node_modules/npm/lib/utils/lifecycle.js:213:16)
10 verbose stack     at EventEmitter.emit (events.js:98:17)
10 verbose stack     at ChildProcess.<anonymous> (/usr/local/lib/node_modules/npm/lib/utils/spawn.js:14:12)
10 verbose stack     at ChildProcess.emit (events.js:98:17)
10 verbose stack     at maybeClose (child_process.js:766:16)
10 verbose stack     at Process.ChildProcess._handle.onexit (child_process.js:833:5)
11 verbose pkgid Blabber@0.0.1
12 verbose cwd /Users/herbyraynaud/code/personal/blabber
13 error Darwin 14.5.0
14 error argv "node" "/usr/local/bin/npm" "run" "devserve"
15 error node v0.10.36
16 error npm  v2.3.0
17 error code ELIFECYCLE
18 error Blabber@0.0.1 devserve: `webpack-dev-server -d --config webpack.dev.config.js --content-base public/ --progress --colors`
18 error Exit status 8
19 error Failed at the Blabber@0.0.1 devserve script 'webpack-dev-server -d --config webpack.dev.config.js --content-base public/ --progress --colors'.
19 error This is most likely a problem with the Blabber package,
19 error not with npm itself.
19 error Tell the author that this fails on your system:
19 error     webpack-dev-server -d --config webpack.dev.config.js --content-base public/ --progress --colors
19 error You can get their info via:
19 error     npm owner ls Blabber
19 error There is likely additional logging output above.
20 verbose exit [ 1, true ]
